<?xml version="1.0" encoding="UTF-8"?>
<testng-results ignored="0" total="1" passed="1" failed="0" skipped="0">
  <reporter-output>
  </reporter-output>
  <suite started-at="2021-04-05T19:13:28 IST" name="Default suite" finished-at="2021-04-05T19:13:32 IST" duration-ms="3749">
    <groups>
    </groups>
    <test started-at="2021-04-05T19:13:28 IST" name="Default test" finished-at="2021-04-05T19:13:32 IST" duration-ms="3749">
      <class name="twitter_1">
        <test-method signature="createTweet()[pri:0, instance:twitter_1@793be5ca]" started-at="2021-04-05T19:13:28 IST" name="createTweet" finished-at="2021-04-05T19:13:32 IST" duration-ms="3705" status="PASS">
          <reporter-output>
          </reporter-output>
        </test-method> <!-- createTweet -->
      </class> <!-- twitter_1 -->
    </test> <!-- Default test -->
  </suite> <!-- Default suite -->
</testng-results>
